# JRE version: OpenJDK Runtime Environment (8.0_40-b20) (build 1.8.0_40-b20)
# Java VM: OpenJDK 64-Bit Server VM (25.40-b23 mixed mode linux-amd64 compressed oops)
Heap:
 PSYoungGen      total 40448K, used 32K [0x00000000e2b80000, 0x00000000e5380000, 0x0000000100000000)
  eden space 39936K, 0% used [0x00000000e2b80000,0x00000000e2b80000,0x00000000e5280000)
  from space 512K, 6% used [0x00000000e5280000,0x00000000e5288000,0x00000000e5300000)
  to   space 512K, 0% used [0x00000000e5300000,0x00000000e5300000,0x00000000e5380000)
 ParOldGen       total 60416K, used 1576K [0x00000000a8200000, 0x00000000abd00000, 0x00000000e2b80000)
  object space 60416K, 2% used [0x00000000a8200000,0x00000000a838a398,0x00000000abd00000)
 Metaspace       used 8899K, capacity 9158K, committed 9344K, reserved 1056768K
  class space    used 944K, capacity 1025K, committed 1152K, reserved 1048576K
GC Heap History (10 events):
Event: 596,929 GC heap after
Heap after GC invocations=46 (full 0):
 PSYoungGen      total 27136K, used 32K [0x00000000e2b80000, 0x00000000e4680000, 0x0000000100000000)
  eden space 26624K, 0% used [0x00000000e2b80000,0x00000000e2b80000,0x00000000e4580000)
  from space 512K, 6% used [0x00000000e4600000,0x00000000e4608000,0x00000000e4680000)
  to   space 512K, 0% used [0x00000000e4580000,0x00000000e4580000,0x00000000e4600000)
 ParOldGen       total 60416K, used 1560K [0x00000000a8200000, 0x00000000abd00000, 0x00000000e2b80000)
  object space 60416K, 2% used [0x00000000a8200000,0x00000000a8386398,0x00000000abd00000)
 Metaspace       used 8899K, capacity 9158K, committed 9344K, reserved 1056768K
  class space    used 944K, capacity 1025K, committed 1152K, reserved 1048576K
}
Event: 617,985 GC heap before
{Heap before GC invocations=47 (full 0):
 PSYoungGen      total 27136K, used 26656K [0x00000000e2b80000, 0x00000000e4680000, 0x0000000100000000)
  eden space 26624K, 100% used [0x00000000e2b80000,0x00000000e4580000,0x00000000e4580000)
  from space 512K, 6% used [0x00000000e4600000,0x00000000e4608000,0x00000000e4680000)
  to   space 512K, 0% used [0x00000000e4580000,0x00000000e4580000,0x00000000e4600000)
 ParOldGen       total 60416K, used 1560K [0x00000000a8200000, 0x00000000abd00000, 0x00000000e2b80000)
  object space 60416K, 2% used [0x00000000a8200000,0x00000000a8386398,0x00000000abd00000)
 Metaspace       used 8899K, capacity 9158K, committed 9344K, reserved 1056768K
  class space    used 944K, capacity 1025K, committed 1152K, reserved 1048576K
Event: 617,986 GC heap after
Heap after GC invocations=47 (full 0):
 PSYoungGen      total 27136K, used 32K [0x00000000e2b80000, 0x00000000e4c80000, 0x0000000100000000)
  eden space 26624K, 0% used [0x00000000e2b80000,0x00000000e2b80000,0x00000000e4580000)
  from space 512K, 6% used [0x00000000e4580000,0x00000000e4588000,0x00000000e4600000)
  to   space 512K, 0% used [0x00000000e4c00000,0x00000000e4c00000,0x00000000e4c80000)
 ParOldGen       total 60416K, used 1560K [0x00000000a8200000, 0x00000000abd00000, 0x00000000e2b80000)
  object space 60416K, 2% used [0x00000000a8200000,0x00000000a8386398,0x00000000abd00000)
 Metaspace       used 8899K, capacity 9158K, committed 9344K, reserved 1056768K
  class space    used 944K, capacity 1025K, committed 1152K, reserved 1048576K
}
Event: 618,861 GC heap before
{Heap before GC invocations=48 (full 0):
 PSYoungGen      total 27136K, used 26656K [0x00000000e2b80000, 0x00000000e4c80000, 0x0000000100000000)
  eden space 26624K, 100% used [0x00000000e2b80000,0x00000000e4580000,0x00000000e4580000)
  from space 512K, 6% used [0x00000000e4580000,0x00000000e4588000,0x00000000e4600000)
  to   space 512K, 0% used [0x00000000e4c00000,0x00000000e4c00000,0x00000000e4c80000)
 ParOldGen       total 60416K, used 1560K [0x00000000a8200000, 0x00000000abd00000, 0x00000000e2b80000)
  object space 60416K, 2% used [0x00000000a8200000,0x00000000a8386398,0x00000000abd00000)
 Metaspace       used 8899K, capacity 9158K, committed 9344K, reserved 1056768K
  class space    used 944K, capacity 1025K, committed 1152K, reserved 1048576K
Event: 618,862 GC heap after
Heap after GC invocations=48 (full 0):
 PSYoungGen      total 33280K, used 32K [0x00000000e2b80000, 0x00000000e4c80000, 0x0000000100000000)
  eden space 32768K, 0% used [0x00000000e2b80000,0x00000000e2b80000,0x00000000e4b80000)
  from space 512K, 6% used [0x00000000e4c00000,0x00000000e4c08000,0x00000000e4c80000)
  to   space 512K, 0% used [0x00000000e4b80000,0x00000000e4b80000,0x00000000e4c00000)
 ParOldGen       total 60416K, used 1568K [0x00000000a8200000, 0x00000000abd00000, 0x00000000e2b80000)
  object space 60416K, 2% used [0x00000000a8200000,0x00000000a8388398,0x00000000abd00000)
 Metaspace       used 8899K, capacity 9158K, committed 9344K, reserved 1056768K
  class space    used 944K, capacity 1025K, committed 1152K, reserved 1048576K
}
Event: 619,247 GC heap before
{Heap before GC invocations=49 (full 0):
 PSYoungGen      total 33280K, used 32800K [0x00000000e2b80000, 0x00000000e4c80000, 0x0000000100000000)
  eden space 32768K, 100% used [0x00000000e2b80000,0x00000000e4b80000,0x00000000e4b80000)
  from space 512K, 6% used [0x00000000e4c00000,0x00000000e4c08000,0x00000000e4c80000)
  to   space 512K, 0% used [0x00000000e4b80000,0x00000000e4b80000,0x00000000e4c00000)
 ParOldGen       total 60416K, used 1568K [0x00000000a8200000, 0x00000000abd00000, 0x00000000e2b80000)
  object space 60416K, 2% used [0x00000000a8200000,0x00000000a8388398,0x00000000abd00000)
 Metaspace       used 8899K, capacity 9158K, committed 9344K, reserved 1056768K
  class space    used 944K, capacity 1025K, committed 1152K, reserved 1048576K
Event: 619,249 GC heap after
Heap after GC invocations=49 (full 0):
 PSYoungGen      total 33280K, used 32K [0x00000000e2b80000, 0x00000000e5380000, 0x0000000100000000)
  eden space 32768K, 0% used [0x00000000e2b80000,0x00000000e2b80000,0x00000000e4b80000)
  from space 512K, 6% used [0x00000000e4b80000,0x00000000e4b88000,0x00000000e4c00000)
  to   space 512K, 0% used [0x00000000e5300000,0x00000000e5300000,0x00000000e5380000)
 ParOldGen       total 60416K, used 1576K [0x00000000a8200000, 0x00000000abd00000, 0x00000000e2b80000)
  object space 60416K, 2% used [0x00000000a8200000,0x00000000a838a398,0x00000000abd00000)
 Metaspace       used 8899K, capacity 9158K, committed 9344K, reserved 1056768K
  class space    used 944K, capacity 1025K, committed 1152K, reserved 1048576K
}
Event: 619,677 GC heap before
{Heap before GC invocations=50 (full 0):
 PSYoungGen      total 33280K, used 32800K [0x00000000e2b80000, 0x00000000e5380000, 0x0000000100000000)
  eden space 32768K, 100% used [0x00000000e2b80000,0x00000000e4b80000,0x00000000e4b80000)
  from space 512K, 6% used [0x00000000e4b80000,0x00000000e4b88000,0x00000000e4c00000)
  to   space 512K, 0% used [0x00000000e5300000,0x00000000e5300000,0x00000000e5380000)
 ParOldGen       total 60416K, used 1576K [0x00000000a8200000, 0x00000000abd00000, 0x00000000e2b80000)
  object space 60416K, 2% used [0x00000000a8200000,0x00000000a838a398,0x00000000abd00000)
 Metaspace       used 8899K, capacity 9158K, committed 9344K, reserved 1056768K
  class space    used 944K, capacity 1025K, committed 1152K, reserved 1048576K
Event: 619,678 GC heap after
Heap after GC invocations=50 (full 0):
 PSYoungGen      total 40448K, used 32K [0x00000000e2b80000, 0x00000000e5380000, 0x0000000100000000)
  eden space 39936K, 0% used [0x00000000e2b80000,0x00000000e2b80000,0x00000000e5280000)
  from space 512K, 6% used [0x00000000e5300000,0x00000000e5308000,0x00000000e5380000)
  to   space 512K, 0% used [0x00000000e5280000,0x00000000e5280000,0x00000000e5300000)
 ParOldGen       total 60416K, used 1576K [0x00000000a8200000, 0x00000000abd00000, 0x00000000e2b80000)
  object space 60416K, 2% used [0x00000000a8200000,0x00000000a838a398,0x00000000abd00000)
 Metaspace       used 8899K, capacity 9158K, committed 9344K, reserved 1056768K
  class space    used 944K, capacity 1025K, committed 1152K, reserved 1048576K
}
Event: 690,630 GC heap before
{Heap before GC invocations=51 (full 0):
 PSYoungGen      total 40448K, used 39968K [0x00000000e2b80000, 0x00000000e5380000, 0x0000000100000000)
  eden space 39936K, 100% used [0x00000000e2b80000,0x00000000e5280000,0x00000000e5280000)
  from space 512K, 6% used [0x00000000e5300000,0x00000000e5308000,0x00000000e5380000)
  to   space 512K, 0% used [0x00000000e5280000,0x00000000e5280000,0x00000000e5300000)
 ParOldGen       total 60416K, used 1576K [0x00000000a8200000, 0x00000000abd00000, 0x00000000e2b80000)
  object space 60416K, 2% used [0x00000000a8200000,0x00000000a838a398,0x00000000abd00000)
 Metaspace       used 8899K, capacity 9158K, committed 9344K, reserved 1056768K
  class space    used 944K, capacity 1025K, committed 1152K, reserved 1048576K

